#
# A fatal error has been detected by the Java Runtime Environment:
#
#  EXCEPTION_ACCESS_VIOLATION (0xc0000005) at pc=0x00007ffa33a7be21, pid=4216, tid=17684
#
# JRE version: OpenJDK Runtime Environment Microsoft-9889606 (21.0.4+7) (build 21.0.4+7-LTS)
# Java VM: OpenJDK 64-Bit Server VM Microsoft-9889606 (21.0.4+7-LTS, mixed mode, tiered, compressed oops, compressed class ptrs, g1 gc, windows-amd64)
# Problematic frame:
# C  [awt.dll+0xdbe21]
#
# No core dump will be written. Minidumps are not enabled by default on client versions of Windows
#
# If you would like to submit a bug report, please visit:
#   https://github.com/microsoft/openjdk/issues
# The crash happened outside the Java Virtual Machine in native code.
# See problematic frame for where to report the bug.
#

---------------  S U M M A R Y ------------

Command Line: -Djpackage.app-version=4.1.0 -Djpackage.app-path=C:\Program Files\logisim-evolution\logisim-evolution.exe com.cburch.logisim.Main C:\Users\ToTo\Desktop\ArquitecturaSistemasOBL1\mainAlDia.circ

Host: 11th Gen Intel(R) Core(TM) i7-1195G7 @ 2.90GHz, 8 cores, 15G,  Windows 11 , 64 bit Build 26100 (10.0.26100.8328)
Time: Tue Jun  9 22:05:34 2026 Hora est嫕dar de Montevideo elapsed time: 44573.950372 seconds (0d 12h 22m 53s)

---------------  T H R E A D  ---------------

Current thread (0x000001e32f3fd710):  JavaThread "AWT-Windows" daemon [_thread_in_native, id=17684, stack(0x0000007d5a800000,0x0000007d5a900000) (1024K)]

Stack: [0x0000007d5a800000,0x0000007d5a900000],  sp=0x0000007d5a8fe6d0,  free space=1017k
Native frames: (J=compiled Java code, j=interpreted, Vv=VM code, C=native code)
C  [awt.dll+0xdbe21]

Java frames: (J=compiled Java code, j=interpreted, Vv=VM code)
j  sun.awt.windows.WToolkit.eventLoop()V+0 java.desktop@21.0.4
j  sun.awt.windows.WToolkit.run()V+50 java.desktop@21.0.4
j  java.lang.Thread.runWith(Ljava/lang/Object;Ljava/lang/Runnable;)V+5 java.base@21.0.4
j  java.lang.Thread.run()V+19 java.base@21.0.4
v  ~StubRoutines::call_stub 0x000001e31b5610e7

siginfo: EXCEPTION_ACCESS_VIOLATION (0xc0000005), reading address 0x0000000000000008


Registers:
RAX=0x0000000000000000, RBX=0x000001e330436850, RCX=0x0000000000000000, RDX=0x0000000000000000
RSP=0x0000007d5a8fe6d0, RBP=0x0000007d5a8fe7d9, RSI=0xffffffffbb011239, RDI=0x0000000000000000
R8 =0x0000000000000001, R9 =0x0000007d58eb4000, R10=0x0000000000000000, R11=0x0000000000000246
R12=0x00007ffa339a0000, R13=0x0000000000000310, R14=0x0000000000000000, R15=0x0000000000000001
RIP=0x00007ffa33a7be21, EFLAGS=0x0000000000010246


Register to memory mapping:

RAX=0x0 is null
RBX=0x000001e330436850 points into unknown readable memory: 0x000001e32f339060 | 60 90 33 2f e3 01 00 00
RCX=0x0 is null
RDX=0x0 is null
RSP=0x0000007d5a8fe6d0 is pointing into the stack for thread: 0x000001e32f3fd710
RBP=0x0000007d5a8fe7d9 is pointing into the stack for thread: 0x000001e32f3fd710
RSI=0xffffffffbb011239 is an unknown value
RDI=0x0 is null
R8 =0x0000000000000001 is an unknown value
R9 =0x0000007d58eb4000 points into unknown readable memory: 0x0000000000000000 | 00 00 00 00 00 00 00 00
R10=0x0 is null
R11=0x0000000000000246 is an unknown value
R12=0x00007ffa339a0000 awt.dll
R13=0x0000000000000310 is an unknown value
R14=0x0 is null
R15=0x0000000000000001 is an unknown value

Top of Stack: (sp=0x0000007d5a8fe6d0)
0x0000007d5a8fe6d0:   00007ffa33ada848 ffffffffbb011239
0x0000007d5a8fe6e0:   000015678c20cac3 00000000000601ee
0x0000007d5a8fe6f0:   0000000000000000 00007ffa33a37a6c
0x0000007d5a8fe700:   ffffffffbb011239 000001e330b25370
0x0000007d5a8fe710:   000001e330436850 000001e330b25370
0x0000007d5a8fe720:   000001e330b25370 00007ffa33a37b16
0x0000007d5a8fe730:   0000000000000001 0000000000000000
0x0000007d5a8fe740:   0000007d5a8fe838 00007ffa8d5fced8
0x0000007d5a8fe750:   000001e330b25370 00007ffa33a34e98
0x0000007d5a8fe760:   000001e330b25370 0000000000000000
0x0000007d5a8fe770:   00007ffa33a37ff0 00007ffaac32f6be
0x0000007d5a8fe780:   0000540180cef107 00007ffaab34c919
0x0000007d5a8fe790:   0000007d5a8fe830 0000000000000001
0x0000007d5a8fe7a0:   0000000000000000 0000007d5a8fe838
0x0000007d5a8fe7b0:   0000000000000000 0000000000000000
0x0000007d5a8fe7c0:   0000000000000000 000001e32f3fdac8
0x0000007d5a8fe7d0:   000001e330b25410 0000000000000000
0x0000007d5a8fe7e0:   0000000000000000 000015678c20c873
0x0000007d5a8fe7f0:   0000000000000000 0000000000000000
0x0000007d5a8fe800:   0000000000000000 0000000000000000
0x0000007d5a8fe810:   0000000000000000 0000000000000310
0x0000007d5a8fe820:   0000000000000000 000001e330b25370
0x0000007d5a8fe830:   000001e330b25370 00007ffa33a8102c
0x0000007d5a8fe840:   0000000000000000 0000f75c04dca044
0x0000007d5a8fe850:   0000540180cef037 0000000000000022
0x0000007d5a8fe860:   000000000000c274 0000000000000000
0x0000007d5a8fe870:   0000000000000000 00007ffaab31c569
0x0000007d5a8fe880:   0000000000000000 0000000000000001
0x0000007d5a8fe890:   0000000000000022 00007ffaac39047f
0x0000007d5a8fe8a0:   00000000000601ee 00007ffaab31d7ba
0x0000007d5a8fe8b0:   ffffffffffffffeb 000015678c20c753
0x0000007d5a8fe8c0:   000001e30ed4a7e0 0000000000000000 

Instructions: (pc=0x00007ffa33a7be21)
0x00007ffa33a7bd21:   83 ec 28 66 0f 6e c2 0f 5b c0 f3 0f 59 41 48 0f
0x00007ffa33a7bd31:   5a c8 f2 0f 10 05 75 4f 03 00 f2 0f 5c 0d c5 4e
0x00007ffa33a7bd41:   01 00 66 0f 2f c1 76 0a b8 00 00 00 80 48 83 c4
0x00007ffa33a7bd51:   28 c3 66 0f 2f 0d 45 98 02 00 76 0a b8 ff ff ff
0x00007ffa33a7bd61:   7f 48 83 c4 28 c3 0f 28 c1 e8 b5 0d 01 00 f2 0f
0x00007ffa33a7bd71:   2c c0 48 83 c4 28 c3 cc cc cc cc cc cc cc cc 48
0x00007ffa33a7bd81:   83 ec 28 66 0f 6e c2 0f 5b c0 f3 0f 59 41 4c 0f
0x00007ffa33a7bd91:   5a c8 f2 0f 10 05 15 4f 03 00 f2 0f 5c 0d 65 4e
0x00007ffa33a7bda1:   01 00 66 0f 2f c1 76 0a b8 00 00 00 80 48 83 c4
0x00007ffa33a7bdb1:   28 c3 66 0f 2f 0d e5 97 02 00 76 0a b8 ff ff ff
0x00007ffa33a7bdc1:   7f 48 83 c4 28 c3 0f 28 c1 e8 55 0d 01 00 f2 0f
0x00007ffa33a7bdd1:   2c c0 48 83 c4 28 c3 cc cc cc cc cc cc cc cc 48
0x00007ffa33a7bde1:   8b 49 08 48 85 c9 0f 85 63 7f fe ff 33 c0 c3 48
0x00007ffa33a7bdf1:   89 5c 24 08 48 89 74 24 10 57 48 83 ec 20 8b fa
0x00007ffa33a7be01:   48 8b f1 e8 77 c0 f4 ff 48 8b d8 48 89 44 24 40
0x00007ffa33a7be11:   41 b8 01 00 00 00 8b d7 48 8b c8 e8 cf bf f4 ff
0x00007ffa33a7be21:   48 8b 48 08 48 85 c9 74 0d 48 8b d6 e8 1e 7f fe
0x00007ffa33a7be31:   ff 48 8b f8 eb 02 33 ff 48 8b cb e8 ff c1 f4 ff
0x00007ffa33a7be41:   90 48 8b c7 48 8b 5c 24 30 48 8b 74 24 38 48 83
0x00007ffa33a7be51:   c4 20 5f c3 cc cc cc cc cc cc cc cc cc cc cc 48
0x00007ffa33a7be61:   8b 01 89 10 c3 cc cc cc cc cc cc cc cc cc cc 40
0x00007ffa33a7be71:   57 48 83 ec 40 48 83 79 38 00 48 8b f9 0f 84 96
0x00007ffa33a7be81:   01 00 00 48 8b 0d f5 af 06 00 ba 02 00 01 00 48
0x00007ffa33a7be91:   89 5c 24 58 48 89 74 24 68 e8 4b f6 00 00 4c 8b
0x00007ffa33a7bea1:   05 72 b5 06 00 48 8b c8 48 8b 57 38 48 8b d8 4c
0x00007ffa33a7beb1:   8b 08 41 ff 91 f8 02 00 00 48 8b f0 48 85 c0 0f
0x00007ffa33a7bec1:   84 4a 01 00 00 4c 8b 0b 48 8b d0 4c 8b 05 35 b5
0x00007ffa33a7bed1:   06 00 48 8b cb 41 ff 91 00 01 00 00 84 c0 0f 84
0x00007ffa33a7bee1:   2b 01 00 00 48 8b 7f 08 48 8b d6 48 8b 03 48 8b
0x00007ffa33a7bef1:   cb 4c 8b 05 27 b5 06 00 48 81 c7 00 04 00 00 48
0x00007ffa33a7bf01:   89 6c 24 60 4c 89 7c 24 20 ff 90 f8 02 00 00 4c
0x00007ffa33a7bf11:   8b 0b 48 8b d6 4c 8b 05 0b b5 06 00 48 8b cb 4c 


Stack slot to memory mapping:

stack at sp + 0 slots: 0x00007ffa33ada848 awt.dll
stack at sp + 1 slots: 0xffffffffbb011239 is an unknown value
stack at sp + 2 slots: 0x000015678c20cac3 is an unknown value
stack at sp + 3 slots: 0x00000000000601ee is an unknown value
stack at sp + 4 slots: 0x0 is null
stack at sp + 5 slots: 0x00007ffa33a37a6c awt.dll
stack at sp + 6 slots: 0xffffffffbb011239 is an unknown value
stack at sp + 7 slots: 0x000001e330b25370 points into unknown readable memory: 0x00007ffa33aac8f0 | f0 c8 aa 33 fa 7f 00 00


---------------  P R O C E S S  ---------------

Threads class SMR info:
_java_thread_list=0x000001e3307e7080, length=20, elements={
0x000001e32f0901a0, 0x000001e32f090810, 0x000001e32f0b04a0, 0x000001e32f0b0c00,
0x000001e32f0b2080, 0x000001e32f0b8560, 0x000001e32f0c1c30, 0x000001e32f0c7510,
0x000001e32f20a6f0, 0x000001e32f21f700, 0x000001e32f3d0550, 0x000001e32f3d0bc0,
0x000001e32f3fd710, 0x000001e32f5c6e30, 0x000001e32fbc82d0, 0x000001e330922da0,
0x000001e33042bfe0, 0x000001e33042c670, 0x000001e33042b2c0, 0x000001e330b170a0
}

Java Threads: ( => current thread )
  0x000001e32f0901a0 JavaThread "Reference Handler"          daemon [_thread_blocked, id=7948, stack(0x0000007d59b00000,0x0000007d59c00000) (1024K)]
  0x000001e32f090810 JavaThread "Finalizer"                  daemon [_thread_blocked, id=14448, stack(0x0000007d59c00000,0x0000007d59d00000) (1024K)]
  0x000001e32f0b04a0 JavaThread "Signal Dispatcher"          daemon [_thread_blocked, id=9672, stack(0x0000007d59d00000,0x0000007d59e00000) (1024K)]
  0x000001e32f0b0c00 JavaThread "Attach Listener"            daemon [_thread_blocked, id=4376, stack(0x0000007d59e00000,0x0000007d59f00000) (1024K)]
  0x000001e32f0b2080 JavaThread "Service Thread"             daemon [_thread_blocked, id=19140, stack(0x0000007d59f00000,0x0000007d5a000000) (1024K)]
  0x000001e32f0b8560 JavaThread "Monitor Deflation Thread"   daemon [_thread_blocked, id=1292, stack(0x0000007d5a000000,0x0000007d5a100000) (1024K)]
  0x000001e32f0c1c30 JavaThread "C2 CompilerThread0"         daemon [_thread_blocked, id=18192, stack(0x0000007d5a100000,0x0000007d5a200000) (1024K)]
  0x000001e32f0c7510 JavaThread "C1 CompilerThread0"         daemon [_thread_blocked, id=5016, stack(0x0000007d5a200000,0x0000007d5a300000) (1024K)]
  0x000001e32f20a6f0 JavaThread "Notification Thread"        daemon [_thread_blocked, id=16260, stack(0x0000007d5a300000,0x0000007d5a400000) (1024K)]
  0x000001e32f21f700 JavaThread "Common-Cleaner"             daemon [_thread_blocked, id=14932, stack(0x0000007d5a400000,0x0000007d5a500000) (1024K)]
  0x000001e32f3d0550 JavaThread "Java2D Disposer"            daemon [_thread_blocked, id=14748, stack(0x0000007d5a600000,0x0000007d5a700000) (1024K)]
  0x000001e32f3d0bc0 JavaThread "AWT-Shutdown"                      [_thread_blocked, id=13880, stack(0x0000007d5a700000,0x0000007d5a800000) (1024K)]
=>0x000001e32f3fd710 JavaThread "AWT-Windows"                daemon [_thread_in_native, id=17684, stack(0x0000007d5a800000,0x0000007d5a900000) (1024K)]
  0x000001e32f5c6e30 JavaThread "Event Dispatch Thread"      daemon [_thread_blocked, id=9536, stack(0x0000007d5a900000,0x0000007d5aa00000) (1024K)]
  0x000001e32fbc82d0 JavaThread "AWT-EventQueue-0"                  [_thread_blocked, id=17784, stack(0x0000007d5b200000,0x0000007d5b300000) (1024K)]
  0x000001e330922da0 JavaThread "AutosaveThread-0-0"                [_thread_blocked, id=11644, stack(0x0000007d5b500000,0x0000007d5b600000) (1024K)]
  0x000001e33042bfe0 JavaThread "SimThread-0"                       [_thread_blocked, id=12600, stack(0x0000007d5b600000,0x0000007d5b700000) (1024K)]
  0x000001e33042c670 JavaThread "DestroyJavaVM"                     [_thread_blocked, id=14136, stack(0x0000007d59300000,0x0000007d59400000) (1024K)]
  0x000001e33042b2c0 JavaThread "Timer-0"                           [_thread_blocked, id=12464, stack(0x0000007d5b700000,0x0000007d5b800000) (1024K)]
  0x000001e330b170a0 JavaThread "TimerQueue"                 daemon [_thread_blocked, id=13728, stack(0x0000007d5b800000,0x0000007d5b900000) (1024K)]
Total: 20

Other Threads:
  0x000001e32acbb820 VMThread "VM Thread"                           [id=8764, stack(0x0000007d59a00000,0x0000007d59b00000) (1024K)]
  0x000001e32ac79680 WatcherThread "VM Periodic Task Thread"        [id=7100, stack(0x0000007d59900000,0x0000007d59a00000) (1024K)]
  0x000001e310c120e0 WorkerThread "GC Thread#0"                     [id=9420, stack(0x0000007d59400000,0x0000007d59500000) (1024K)]
  0x000001e32fa58160 WorkerThread "GC Thread#1"                     [id=3968, stack(0x0000007d5ab00000,0x0000007d5ac00000) (1024K)]
  0x000001e32fa58500 WorkerThread "GC Thread#2"                     [id=20408, stack(0x0000007d5ac00000,0x0000007d5ad00000) (1024K)]
  0x000001e3305694b0 WorkerThread "GC Thread#3"                     [id=13960, stack(0x0000007d5ad00000,0x0000007d5ae00000) (1024K)]
  0x000001e330569850 WorkerThread "GC Thread#4"                     [id=18936, stack(0x0000007d5ae00000,0x0000007d5af00000) (1024K)]
  0x000001e330569bf0 WorkerThread "GC Thread#5"                     [id=19312, stack(0x0000007d5af00000,0x0000007d5b000000) (1024K)]
  0x000001e32f6f3d80 WorkerThread "GC Thread#6"                     [id=2940, stack(0x0000007d5b000000,0x0000007d5b100000) (1024K)]
  0x000001e3304348b0 WorkerThread "GC Thread#7"                     [id=10104, stack(0x0000007d5b300000,0x0000007d5b400000) (1024K)]
  0x000001e310c24530 ConcurrentGCThread "G1 Main Marker"            [id=9880, stack(0x0000007d59500000,0x0000007d59600000) (1024K)]
  0x000001e310c25030 WorkerThread "G1 Conc#0"                       [id=3956, stack(0x0000007d59600000,0x0000007d59700000) (1024K)]
  0x000001e3307e1320 WorkerThread "G1 Conc#1"                       [id=19704, stack(0x0000007d5b400000,0x0000007d5b500000) (1024K)]
  0x000001e32ab4ba50 ConcurrentGCThread "G1 Refine#0"               [id=1816, stack(0x0000007d59700000,0x0000007d59800000) (1024K)]
  0x000001e32ab4df80 ConcurrentGCThread "G1 Service"                [id=2528, stack(0x0000007d59800000,0x0000007d59900000) (1024K)]
Total: 15

Threads with active compile tasks:
Total: 0

VM state: not at safepoint (normal execution)

VM Mutex/Monitor currently owned by a thread: None

Heap address: 0x0000000703a00000, size: 4038 MB, Compressed Oops mode: Zero based, Oop shift amount: 3

CDS archive(s) not mapped
Compressed class space mapped at: 0x0000000800000000-0x0000000840000000, reserved size: 1073741824
Narrow klass base: 0x0000000800000000, Narrow klass shift: 0, Narrow klass range: 0x40000000

GC Precious Log:
 CardTable entry size: 512
 Card Set container configuration: InlinePtr #cards 4 size 8 Array Of Cards #cards 16 size 48 Howl #buckets 8 coarsen threshold 3686 Howl Bitmap #cards 512 size 80 coarsen threshold 460 Card regions per heap region 1 cards per card region 4096
 CPUs: 8 total, 8 available
 Memory: 16151M
 Large Page Support: Disabled
 NUMA Support: Disabled
 Compressed Oops: Enabled (Zero based)
 Heap Region Size: 2M
 Heap Min Capacity: 8M
 Heap Initial Capacity: 254M
 Heap Max Capacity: 4038M
 Pre-touch: Disabled
 Parallel Workers: 8
 Concurrent Workers: 2
 Concurrent Refinement Workers: 8
 Periodic GC: Disabled

Heap:
 garbage-first heap   total 65536K, used 55293K [0x0000000703a00000, 0x0000000800000000)
  region size 2048K, 5 young (10240K), 1 survivors (2048K)
 Metaspace       used 35346K, committed 35648K, reserved 1114112K
  class space    used 4052K, committed 4224K, reserved 1048576K

Heap Regions: E=young(eden), S=young(survivor), O=old, HS=humongous(starts), HC=humongous(continues), CS=collection set, F=free, TAMS=top-at-mark-start, PB=parsable bottom
|   0|0x0000000703a00000, 0x0000000703c00000, 0x0000000703c00000|100%|HS|  |TAMS 0x0000000703a00000| PB 0x0000000703a00000| Complete 
|   1|0x0000000703c00000, 0x0000000703c00000, 0x0000000703e00000|  0%| F|  |TAMS 0x0000000703c00000| PB 0x0000000703c00000| Untracked 
|   2|0x0000000703e00000, 0x0000000703eec0e0, 0x0000000704000000| 46%| O|  |TAMS 0x0000000703e00000| PB 0x0000000703e00000| Untracked 
|   3|0x0000000704000000, 0x0000000704200000, 0x0000000704200000|100%|HS|  |TAMS 0x0000000704000000| PB 0x0000000704000000| Complete 
|   4|0x0000000704200000, 0x0000000704400000, 0x0000000704400000|100%|HC|  |TAMS 0x0000000704200000| PB 0x0000000704200000| Complete 
|   5|0x0000000704400000, 0x0000000704400000, 0x0000000704600000|  0%| F|  |TAMS 0x0000000704400000| PB 0x0000000704400000| Untracked 
|   6|0x0000000704600000, 0x0000000704800000, 0x0000000704800000|100%| O|  |TAMS 0x0000000704600000| PB 0x0000000704600000| Untracked 
|   7|0x0000000704800000, 0x0000000704a00000, 0x0000000704a00000|100%| O|  |TAMS 0x0000000704800000| PB 0x0000000704800000| Untracked 
|   8|0x0000000704a00000, 0x0000000704c00000, 0x0000000704c00000|100%| O|  |TAMS 0x0000000704a00000| PB 0x0000000704a00000| Untracked 
|   9|0x0000000704c00000, 0x0000000704e00000, 0x0000000704e00000|100%| O|Cm|TAMS 0x0000000704c00000| PB 0x0000000704c00000| Complete 
|  10|0x0000000704e00000, 0x0000000705000000, 0x0000000705000000|100%|HS|  |TAMS 0x0000000704e00000| PB 0x0000000704e00000| Complete 
|  11|0x0000000705000000, 0x0000000705200000, 0x0000000705200000|100%|HC|  |TAMS 0x0000000705000000| PB 0x0000000705000000| Complete 
|  12|0x0000000705200000, 0x0000000705400000, 0x0000000705400000|100%|HC|  |TAMS 0x0000000705200000| PB 0x0000000705200000| Complete 
|  13|0x0000000705400000, 0x0000000705600000, 0x0000000705600000|100%|HC|  |TAMS 0x0000000705400000| PB 0x0000000705400000| Complete 
|  14|0x0000000705600000, 0x0000000705800000, 0x0000000705800000|100%|HS|  |TAMS 0x0000000705600000| PB 0x0000000705600000| Complete 
|  15|0x0000000705800000, 0x0000000705a00000, 0x0000000705a00000|100%|HC|  |TAMS 0x0000000705800000| PB 0x0000000705800000| Complete 
|  16|0x0000000705a00000, 0x0000000705c00000, 0x0000000705c00000|100%|HC|  |TAMS 0x0000000705a00000| PB 0x0000000705a00000| Complete 
|  17|0x0000000705c00000, 0x0000000705e00000, 0x0000000705e00000|100%|HS|  |TAMS 0x0000000705c00000| PB 0x0000000705c00000| Complete 
|  18|0x0000000705e00000, 0x0000000706000000, 0x0000000706000000|100%|HC|  |TAMS 0x0000000705e00000| PB 0x0000000705e00000| Complete 
|  19|0x0000000706000000, 0x0000000706200000, 0x0000000706200000|100%|HC|  |TAMS 0x0000000706000000| PB 0x0000000706000000| Complete 
|  20|0x0000000706200000, 0x0000000706400000, 0x0000000706400000|100%|HC|  |TAMS 0x0000000706200000| PB 0x0000000706200000| Complete 
|  21|0x0000000706400000, 0x0000000706600000, 0x0000000706600000|100%|HS|  |TAMS 0x0000000706400000| PB 0x0000000706400000| Complete 
|  22|0x0000000706600000, 0x0000000706800000, 0x0000000706800000|100%|HC|  |TAMS 0x0000000706600000| PB 0x0000000706600000| Complete 
|  23|0x0000000706800000, 0x0000000706a00000, 0x0000000706a00000|100%|HC|  |TAMS 0x0000000706800000| PB 0x0000000706800000| Complete 
|  24|0x0000000706a00000, 0x0000000706c00000, 0x0000000706c00000|100%|HC|  |TAMS 0x0000000706a00000| PB 0x0000000706a00000| Complete 
|  25|0x0000000706c00000, 0x0000000706c00000, 0x0000000706e00000|  0%| F|  |TAMS 0x0000000706c00000| PB 0x0000000706c00000| Untracked 
| 119|0x0000000712800000, 0x00000007129135f8, 0x0000000712a00000| 53%| S|CS|TAMS 0x0000000712800000| PB 0x0000000712800000| Complete 
| 120|0x0000000712a00000, 0x0000000712a4ef90, 0x0000000712c00000| 15%| E|  |TAMS 0x0000000712a00000| PB 0x0000000712a00000| Complete 
| 121|0x0000000712c00000, 0x0000000712e00000, 0x0000000712e00000|100%| E|CS|TAMS 0x0000000712c00000| PB 0x0000000712c00000| Complete 
| 126|0x0000000713600000, 0x0000000713800000, 0x0000000713800000|100%| E|CS|TAMS 0x0000000713600000| PB 0x0000000713600000| Complete 
|2017|0x00000007ffc00000, 0x00000007ffe00000, 0x00000007ffe00000|100%| E|CS|TAMS 0x00000007ffc00000| PB 0x00000007ffc00000| Complete 
|2018|0x00000007ffe00000, 0x0000000800000000, 0x0000000800000000|100%| O|  |TAMS 0x00000007ffe00000| PB 0x00000007ffe00000| Untracked 

Card table byte_map: [0x000001e323b50000,0x000001e324340000] _byte_map_base: 0x000001e320333000

Marking Bits: (CMBitMap*) 0x000001e310c12ff0
 Bits: [0x000001e324340000, 0x000001e328258000)

Polling page: 0x000001e30eb40000

Metaspace:

Usage:
  Non-class:     30.56 MB used.
      Class:      3.96 MB used.
       Both:     34.52 MB used.

Virtual space:
  Non-class space:       64.00 MB reserved,      30.69 MB ( 48%) committed,  1 nodes.
      Class space:        1.00 GB reserved,       4.12 MB ( <1%) committed,  1 nodes.
             Both:        1.06 GB reserved,      34.81 MB (  3%) committed. 

Chunk freelists:
   Non-Class:  763.00 KB
       Class:  11.90 MB
        Both:  12.65 MB

MaxMetaspaceSize: unlimited
CompressedClassSpaceSize: 1.00 GB
Initial GC threshold: 21.00 MB
Current GC threshold: 57.94 MB
CDS: off
 - commit_granule_bytes: 65536.
 - commit_granule_words: 8192.
 - virtual_space_node_default_size: 8388608.
 - enlarge_chunks_in_place: 1.
 - use_allocation_guard: 0.


Internal statistics:

num_allocs_failed_limit: 3.
num_arena_births: 314.
num_arena_deaths: 96.
num_vsnodes_births: 2.
num_vsnodes_deaths: 0.
num_space_committed: 557.
num_space_uncommitted: 0.
num_chunks_returned_to_freelist: 116.
num_chunks_taken_from_freelist: 867.
num_chunk_merges: 28.
num_chunk_splits: 564.
num_chunks_enlarged: 402.
num_inconsistent_stats: 0.

CodeHeap 'non-profiled nmethods': size=120000Kb used=2501Kb max_used=3413Kb free=117498Kb
 bounds [0x000001e31bb00000, 0x000001e31be60000, 0x000001e323030000]
CodeHeap 'profiled nmethods': size=120000Kb used=6965Kb max_used=9568Kb free=113034Kb
 bounds [0x000001e314030000, 0x000001e314990000, 0x000001e31b560000]
CodeHeap 'non-nmethods': size=5760Kb used=2072Kb max_used=2119Kb free=3688Kb
 bounds [0x000001e31b560000, 0x000001e31b7d0000, 0x000001e31bb00000]
 total_blobs=4337 nmethods=3498 adapters=742
 compilation: enabled
              stopped_count=0, restarted_count=0
 full_count=0

Compilation events (20 events):
Event: 21220.986 Thread 0x000001e32f0c7510 5927       3       java.awt.RenderingHints::put (45 bytes)
Event: 21220.988 Thread 0x000001e32f0c7510 nmethod 5927 0x000001e3144b4390 code [0x000001e3144b45c0, 0x000001e3144b4ee0]
Event: 21220.995 Thread 0x000001e32f0c1c30 5928       4       sun.util.logging.PlatformLogger::isLoggable (23 bytes)
Event: 21220.995 Thread 0x000001e32f0c7510 5929       3       java.util.IdentityHashMap$ValueIterator::next (12 bytes)
Event: 21220.995 Thread 0x000001e32f0c7510 nmethod 5929 0x000001e314402390 code [0x000001e314402540, 0x000001e314402740]
Event: 21221.003 Thread 0x000001e32f0c1c30 nmethod 5928 0x000001e31bc49c10 code [0x000001e31bc49e20, 0x000001e31bc4a8a8]
Event: 22355.068 Thread 0x000001e32f0c7510 5930       3       java.util.concurrent.locks.AbstractQueuedSynchronizer$ConditionObject::unlinkCancelledWaiters (91 bytes)
Event: 22355.070 Thread 0x000001e32f0c7510 nmethod 5930 0x000001e314614910 code [0x000001e314614ae0, 0x000001e314614f98]
Event: 22415.078 Thread 0x000001e32f0c1c30 5931       4       java.lang.Thread::interrupted (7 bytes)
Event: 22415.081 Thread 0x000001e32f0c1c30 nmethod 5931 0x000001e31bcc5210 code [0x000001e31bcc5380, 0x000001e31bcc5418]
Event: 23752.789 Thread 0x000001e32f0c7510 5932  s    3       sun.awt.windows.WDesktopProperties::setSoundProperty (71 bytes)
Event: 23752.792 Thread 0x000001e32f0c7510 nmethod 5932 0x000001e31424ac10 code [0x000001e31424ae60, 0x000001e31424b7c0]
Event: 23752.792 Thread 0x000001e32f0c7510 5933       3       sun.awt.windows.WDesktopProperties$WinPlaySound::<init> (15 bytes)
Event: 23752.792 Thread 0x000001e32f0c7510 nmethod 5933 0x000001e314440d90 code [0x000001e314440f40, 0x000001e314441170]
Event: 23752.858 Thread 0x000001e32f0c7510 5934  s    3       sun.awt.windows.WDesktopProperties::setFontProperty (156 bytes)
Event: 23752.863 Thread 0x000001e32f0c7510 nmethod 5934 0x000001e3146e6610 code [0x000001e3146e6a60, 0x000001e3146e8820]
Event: 23752.864 Thread 0x000001e32f0c7510 5935   !   3       sun.awt.windows.WDesktopProperties$WinPlaySound::equals (25 bytes)
Event: 23752.865 Thread 0x000001e32f0c7510 nmethod 5935 0x000001e3146a1390 code [0x000001e3146a1560, 0x000001e3146a1858]
Event: 27243.765 Thread 0x000001e32f0c7510 5936  s    3       sun.awt.windows.WDesktopProperties::setBooleanProperty (57 bytes)
Event: 27243.768 Thread 0x000001e32f0c7510 nmethod 5936 0x000001e314527c90 code [0x000001e314527ea0, 0x000001e3145285a0]

GC Heap History (20 events):
Event: 19.539 GC heap before
{Heap before GC invocations=11 (full 0):
 garbage-first heap   total 51200K, used 42214K [0x0000000703a00000, 0x0000000800000000)
  region size 2048K, 10 young (20480K), 1 survivors (2048K)
 Metaspace       used 34518K, committed 34880K, reserved 1114112K
  class space    used 4009K, committed 4160K, reserved 1048576K
}
Event: 19.540 GC heap after
{Heap after GC invocations=12 (full 0):
 garbage-first heap   total 51200K, used 23974K [0x0000000703a00000, 0x0000000800000000)
  region size 2048K, 1 young (2048K), 1 survivors (2048K)
 Metaspace       used 34518K, committed 34880K, reserved 1114112K
  class space    used 4009K, committed 4160K, reserved 1048576K
}
Event: 666.154 GC heap before
{Heap before GC invocations=13 (full 0):
 garbage-first heap   total 51200K, used 42406K [0x0000000703a00000, 0x0000000800000000)
  region size 2048K, 10 young (20480K), 1 survivors (2048K)
 Metaspace       used 34851K, committed 35136K, reserved 1114112K
  class space    used 4058K, committed 4224K, reserved 1048576K
}
Event: 666.155 GC heap after
{Heap after GC invocations=14 (full 0):
 garbage-first heap   total 51200K, used 24181K [0x0000000703a00000, 0x0000000800000000)
  region size 2048K, 1 young (2048K), 1 survivors (2048K)
 Metaspace       used 34851K, committed 35136K, reserved 1114112K
  class space    used 4058K, committed 4224K, reserved 1048576K
}
Event: 672.259 GC heap before
{Heap before GC invocations=14 (full 0):
 garbage-first heap   total 51200K, used 42613K [0x0000000703a00000, 0x0000000800000000)
  region size 2048K, 10 young (20480K), 1 survivors (2048K)
 Metaspace       used 35050K, committed 35392K, reserved 1114112K
  class space    used 4065K, committed 4224K, reserved 1048576K
}
Event: 672.262 GC heap after
{Heap after GC invocations=15 (full 0):
 garbage-first heap   total 51200K, used 24358K [0x0000000703a00000, 0x0000000800000000)
  region size 2048K, 1 young (2048K), 1 survivors (2048K)
 Metaspace       used 35050K, committed 35392K, reserved 1114112K
  class space    used 4065K, committed 4224K, reserved 1048576K
}
Event: 684.782 GC heap before
{Heap before GC invocations=16 (full 0):
 garbage-first heap   total 51200K, used 42790K [0x0000000703a00000, 0x0000000800000000)
  region size 2048K, 10 young (20480K), 1 survivors (2048K)
 Metaspace       used 35061K, committed 35392K, reserved 1114112K
  class space    used 4065K, committed 4224K, reserved 1048576K
}
Event: 684.783 GC heap after
{Heap after GC invocations=17 (full 0):
 garbage-first heap   total 51200K, used 24638K [0x0000000703a00000, 0x0000000800000000)
  region size 2048K, 1 young (2048K), 1 survivors (2048K)
 Metaspace       used 35061K, committed 35392K, reserved 1114112K
  class space    used 4065K, committed 4224K, reserved 1048576K
}
Event: 697.845 GC heap before
{Heap before GC invocations=17 (full 0):
 garbage-first heap   total 51200K, used 43070K [0x0000000703a00000, 0x0000000800000000)
  region size 2048K, 10 young (20480K), 1 survivors (2048K)
 Metaspace       used 35162K, committed 35520K, reserved 1114112K
  class space    used 4069K, committed 4224K, reserved 1048576K
}
Event: 697.847 GC heap after
{Heap after GC invocations=18 (full 0):
 garbage-first heap   total 51200K, used 24437K [0x0000000703a00000, 0x0000000800000000)
  region size 2048K, 1 young (2048K), 1 survivors (2048K)
 Metaspace       used 35162K, committed 35520K, reserved 1114112K
  class space    used 4069K, committed 4224K, reserved 1048576K
}
Event: 3906.835 GC heap before
{Heap before GC invocations=18 (full 0):
 garbage-first heap   total 51200K, used 26485K [0x0000000703a00000, 0x0000000800000000)
  region size 2048K, 3 young (6144K), 1 survivors (2048K)
 Metaspace       used 35171K, committed 35520K, reserved 1114112K
  class space    used 4072K, committed 4224K, reserved 1048576K
}
Event: 3906.844 GC heap after
{Heap after GC invocations=19 (full 0):
 garbage-first heap   total 51200K, used 24658K [0x0000000703a00000, 0x0000000800000000)
  region size 2048K, 2 young (4096K), 2 survivors (4096K)
 Metaspace       used 35171K, committed 35520K, reserved 1114112K
  class space    used 4072K, committed 4224K, reserved 1048576K
}
Event: 3907.605 GC heap before
{Heap before GC invocations=19 (full 0):
 garbage-first heap   total 51200K, used 32850K [0x0000000703a00000, 0x0000000800000000)
  region size 2048K, 3 young (6144K), 2 survivors (4096K)
 Metaspace       used 35213K, committed 35520K, reserved 1114112K
  class space    used 4072K, committed 4224K, reserved 1048576K
}
Event: 3907.609 GC heap after
{Heap after GC invocations=20 (full 0):
 garbage-first heap   total 51200K, used 32810K [0x0000000703a00000, 0x0000000800000000)
  region size 2048K, 2 young (4096K), 2 survivors (4096K)
 Metaspace       used 35213K, committed 35520K, reserved 1114112K
  class space    used 4072K, committed 4224K, reserved 1048576K
}
Event: 3908.102 GC heap before
{Heap before GC invocations=21 (full 0):
 garbage-first heap   total 55296K, used 30762K [0x0000000703a00000, 0x0000000800000000)
  region size 2048K, 3 young (6144K), 2 survivors (4096K)
 Metaspace       used 35246K, committed 35584K, reserved 1114112K
  class space    used 4074K, committed 4224K, reserved 1048576K
}
Event: 3908.103 GC heap after
{Heap after GC invocations=22 (full 0):
 garbage-first heap   total 55296K, used 30756K [0x0000000703a00000, 0x0000000800000000)
  region size 2048K, 1 young (2048K), 1 survivors (2048K)
 Metaspace       used 35246K, committed 35584K, reserved 1114112K
  class space    used 4074K, committed 4224K, reserved 1048576K
}
Event: 3908.199 GC heap before
{Heap before GC invocations=23 (full 0):
 garbage-first heap   total 65536K, used 36900K [0x0000000703a00000, 0x0000000800000000)
  region size 2048K, 2 young (4096K), 1 survivors (2048K)
 Metaspace       used 35270K, committed 35584K, reserved 1114112K
  class space    used 4074K, committed 4224K, reserved 1048576K
}
Event: 3908.203 GC heap after
{Heap after GC invocations=24 (full 0):
 garbage-first heap   total 65536K, used 28668K [0x0000000703a00000, 0x0000000800000000)
  region size 2048K, 1 young (2048K), 1 survivors (2048K)
 Metaspace       used 35270K, committed 35584K, reserved 1114112K
  class space    used 4074K, committed 4224K, reserved 1048576K
}
Event: 16726.068 GC heap before
{Heap before GC invocations=24 (full 0):
 garbage-first heap   total 65536K, used 40956K [0x0000000703a00000, 0x0000000800000000)
  region size 2048K, 4 young (8192K), 1 survivors (2048K)
 Metaspace       used 35306K, committed 35584K, reserved 1114112K
  class space    used 4075K, committed 4224K, reserved 1048576K
}
Event: 16726.069 GC heap after
{Heap after GC invocations=25 (full 0):
 garbage-first heap   total 65536K, used 30717K [0x0000000703a00000, 0x0000000800000000)
  region size 2048K, 1 young (2048K), 1 survivors (2048K)
 Metaspace       used 35306K, committed 35584K, reserved 1114112K
  class space    used 4075K, committed 4224K, reserved 1048576K
}

Dll operation events (10 events):
Event: 0.059 Loaded shared library C:\Program Files\logisim-evolution\runtime\bin\java.dll
Event: 0.119 Loaded shared library C:\Program Files\logisim-evolution\runtime\bin\net.dll
Event: 0.138 Loaded shared library C:\Program Files\logisim-evolution\runtime\bin\nio.dll
Event: 0.181 Loaded shared library C:\Program Files\logisim-evolution\runtime\bin\zip.dll
Event: 0.220 Loaded shared library C:\Program Files\logisim-evolution\runtime\bin\awt.dll
Event: 0.253 Loaded shared library C:\Program Files\logisim-evolution\runtime\bin\jimage.dll
Event: 0.334 Loaded shared library C:\Program Files\logisim-evolution\runtime\bin\prefs.dll
Event: 0.654 Loaded shared library C:\Program Files\logisim-evolution\runtime\bin\freetype.dll
Event: 0.673 Loaded shared library C:\Program Files\logisim-evolution\runtime\bin\fontmanager.dll
Event: 0.782 Loaded shared library C:\Users\ToTo\AppData\Local\Temp\flatlaf.temp\flatlaf-windows-x86_64-1599484402594000.dll

Deoptimization events (20 events):
Event: 16726.061 Thread 0x000001e32fbc82d0 Uncommon trap: trap_request=0xffffffde fr.pc=0x000001e31be47920 relative=0x0000000000000080
Event: 16726.061 Thread 0x000001e32fbc82d0 Uncommon trap: reason=class_check action=maybe_recompile pc=0x000001e31be47920 method=sun.java2d.loops.SurfaceType.pixelFor(ILjava/awt/image/ColorModel;)I @ 6 c2
Event: 16726.061 Thread 0x000001e32fbc82d0 DEOPT PACKING pc=0x000001e31be47920 sp=0x0000007d5b2febf0
Event: 16726.061 Thread 0x000001e32fbc82d0 DEOPT UNPACKING pc=0x000001e31b5b7da2 sp=0x0000007d5b2feb00 mode 2
Event: 16726.076 Thread 0x000001e32fbc82d0 DEOPT PACKING pc=0x000001e3143816be sp=0x0000007d5b2fc140
Event: 16726.076 Thread 0x000001e32fbc82d0 DEOPT UNPACKING pc=0x000001e31b5b88e2 sp=0x0000007d5b2fb540 mode 0
Event: 16726.113 Thread 0x000001e32fbc82d0 DEOPT PACKING pc=0x000001e3143815aa sp=0x0000007d5b2fbfe0
Event: 16726.114 Thread 0x000001e32fbc82d0 DEOPT UNPACKING pc=0x000001e31b5b88e2 sp=0x0000007d5b2fb3e0 mode 0
Event: 16726.116 Thread 0x000001e32fbc82d0 DEOPT PACKING pc=0x000001e3143815aa sp=0x0000007d5b2fbfe0
Event: 16726.116 Thread 0x000001e32fbc82d0 DEOPT UNPACKING pc=0x000001e31b5b88e2 sp=0x0000007d5b2fb3e0 mode 0
Event: 16726.204 Thread 0x000001e32fbc82d0 DEOPT PACKING pc=0x000001e3143816df sp=0x0000007d5b2fc140
Event: 16726.204 Thread 0x000001e32fbc82d0 DEOPT UNPACKING pc=0x000001e31b5b88e2 sp=0x0000007d5b2fb540 mode 0
Event: 16726.218 Thread 0x000001e32fbc82d0 Uncommon trap: trap_request=0xfffffff4 fr.pc=0x000001e31bc0a4f8 relative=0x0000000000000158
Event: 16726.218 Thread 0x000001e32fbc82d0 Uncommon trap: reason=null_check action=make_not_entrant pc=0x000001e31bc0a4f8 method=java.lang.Class.reflectionData()Ljava/lang/Class$ReflectionData; @ 18 c2
Event: 16726.218 Thread 0x000001e32fbc82d0 DEOPT PACKING pc=0x000001e31bc0a4f8 sp=0x0000007d5b2fc220
Event: 16726.218 Thread 0x000001e32fbc82d0 DEOPT UNPACKING pc=0x000001e31b5b7da2 sp=0x0000007d5b2fc1d0 mode 2
Event: 16726.229 Thread 0x000001e32fbc82d0 DEOPT PACKING pc=0x000001e3143815aa sp=0x0000007d5b2fc140
Event: 16726.229 Thread 0x000001e32fbc82d0 DEOPT UNPACKING pc=0x000001e31b5b88e2 sp=0x0000007d5b2fb540 mode 0
Event: 16726.248 Thread 0x000001e32fbc82d0 DEOPT PACKING pc=0x000001e3143816df sp=0x0000007d5b2fc140
Event: 16726.248 Thread 0x000001e32fbc82d0 DEOPT UNPACKING pc=0x000001e31b5b88e2 sp=0x0000007d5b2fb540 mode 0

Classes loaded (20 events):
Event: 697.410 Loading class java/awt/MouseInfo
Event: 697.411 Loading class java/awt/MouseInfo done
Event: 697.411 Loading class sun/awt/windows/WMouseInfoPeer
Event: 697.411 Loading class java/awt/peer/MouseInfoPeer
Event: 697.411 Loading class java/awt/peer/MouseInfoPeer done
Event: 697.411 Loading class sun/awt/windows/WMouseInfoPeer done
Event: 697.411 Loading class java/awt/PointerInfo
Event: 697.411 Loading class java/awt/PointerInfo done
Event: 3906.828 Loading class java/awt/desktop/UserSessionListener
Event: 3906.828 Loading class java/awt/desktop/SystemEventListener
Event: 3906.829 Loading class java/awt/desktop/SystemEventListener done
Event: 3906.829 Loading class java/awt/desktop/UserSessionListener done
Event: 3908.075 Loading class java/util/WeakHashMap$KeyIterator
Event: 3908.075 Loading class java/util/WeakHashMap$HashIterator
Event: 3908.077 Loading class java/util/WeakHashMap$HashIterator done
Event: 3908.077 Loading class java/util/WeakHashMap$KeyIterator done
Event: 3908.077 Loading class javax/swing/RepaintManager$DisplayChangedRunnable
Event: 3908.077 Loading class javax/swing/RepaintManager$DisplayChangedRunnable done
Event: 44573.905 Loading class java/awt/desktop/SystemSleepListener
Event: 44573.905 Loading class java/awt/desktop/SystemSleepListener done

Classes unloaded (20 events):
Event: 16726.081 Thread 0x000001e32acbb820 Unloading class 0x00000008000ca800 'java/lang/invoke/LambdaForm$MH+0x00000008000ca800'
Event: 16726.081 Thread 0x000001e32acbb820 Unloading class 0x00000008000ca000 'java/lang/invoke/LambdaForm$MH+0x00000008000ca000'
Event: 16726.081 Thread 0x000001e32acbb820 Unloading class 0x00000008000c9c00 'java/lang/invoke/LambdaForm$MH+0x00000008000c9c00'
Event: 16726.081 Thread 0x000001e32acbb820 Unloading class 0x00000008000c9800 'java/lang/invoke/LambdaForm$MH+0x00000008000c9800'
Event: 16726.081 Thread 0x000001e32acbb820 Unloading class 0x00000008000c9400 'java/lang/invoke/LambdaForm$MH+0x00000008000c9400'
Event: 16726.081 Thread 0x000001e32acbb820 Unloading class 0x00000008000c8c00 'java/lang/invoke/LambdaForm$MH+0x00000008000c8c00'
Event: 16726.081 Thread 0x000001e32acbb820 Unloading class 0x00000008000c8800 'java/lang/invoke/LambdaForm$MH+0x00000008000c8800'
Event: 16726.081 Thread 0x000001e32acbb820 Unloading class 0x00000008000c8400 'java/lang/invoke/LambdaForm$MH+0x00000008000c8400'
Event: 16726.081 Thread 0x000001e32acbb820 Unloading class 0x00000008000c7c00 'java/lang/invoke/LambdaForm$MH+0x00000008000c7c00'
Event: 16726.081 Thread 0x000001e32acbb820 Unloading class 0x00000008000c7000 'java/lang/invoke/LambdaForm$MH+0x00000008000c7000'
Event: 16726.081 Thread 0x000001e32acbb820 Unloading class 0x00000008000c6c00 'java/lang/invoke/LambdaForm$MH+0x00000008000c6c00'
Event: 16726.081 Thread 0x000001e32acbb820 Unloading class 0x00000008000c6400 'java/lang/invoke/LambdaForm$MH+0x00000008000c6400'
Event: 16726.081 Thread 0x000001e32acbb820 Unloading class 0x00000008000c5c00 'java/lang/invoke/LambdaForm$MH+0x00000008000c5c00'
Event: 16726.081 Thread 0x000001e32acbb820 Unloading class 0x00000008000c5000 'java/lang/invoke/LambdaForm$MH+0x00000008000c5000'
Event: 16726.081 Thread 0x000001e32acbb820 Unloading class 0x00000008000c4000 'java/lang/invoke/LambdaForm$MH+0x00000008000c4000'
Event: 16726.081 Thread 0x000001e32acbb820 Unloading class 0x00000008000c3c00 'java/lang/invoke/LambdaForm$MH+0x00000008000c3c00'
Event: 16726.081 Thread 0x000001e32acbb820 Unloading class 0x00000008000c3800 'java/lang/invoke/LambdaForm$MH+0x00000008000c3800'
Event: 16726.081 Thread 0x000001e32acbb820 Unloading class 0x00000008000c3000 'java/lang/invoke/LambdaForm$MH+0x00000008000c3000'
Event: 16726.081 Thread 0x000001e32acbb820 Unloading class 0x00000008000c2000 'java/lang/invoke/LambdaForm$MH+0x00000008000c2000'
Event: 16726.081 Thread 0x000001e32acbb820 Unloading class 0x00000008000c0400 'java/lang/invoke/LambdaForm$MH+0x00000008000c0400'

Classes redefined (0 events):
No events

Internal exceptions (20 events):
Event: 0.722 Thread 0x000001e310bb18d0 Exception <a 'java/lang/NoSuchMethodError'{0x0000000710c08c30}: 'java.lang.Object java.lang.invoke.DirectMethodHandle$Holder.invokeVirtual(java.lang.Object, java.lang.Object, java.lang.Object)'> (0x0000000710c08c30) 
thrown [s\src\hotspot\share\interpreter\linkResolver.cpp, line 773]
Event: 0.734 Thread 0x000001e310bb18d0 Exception <a 'java/lang/NoSuchMethodError'{0x0000000710cbf120}: 'void java.lang.invoke.DirectMethodHandle$Holder.invokeStaticInit(java.lang.Object, java.lang.Object)'> (0x0000000710cbf120) 
thrown [s\src\hotspot\share\interpreter\linkResolver.cpp, line 773]
Event: 0.745 Thread 0x000001e310bb18d0 Exception <a 'java/lang/NoSuchMethodError'{0x0000000710d17bf8}: 'java.lang.Object java.lang.invoke.Invokers$Holder.invokeExact_MT(java.lang.Object, java.lang.Object, java.lang.Object, java.lang.Object, java.lang.Object, java.lang.Object)'> (0x0000000710d17bf8) 
thrown [s\src\hotspot\share\interpreter\linkResolver.cpp, line 773]
Event: 0.754 Thread 0x000001e310bb18d0 Exception <a 'java/lang/NoSuchMethodError'{0x0000000710da1700}: 'int java.lang.invoke.Invokers$Holder.invokeExact_MT(java.lang.Object, java.lang.Object)'> (0x0000000710da1700) 
thrown [s\src\hotspot\share\interpreter\linkResolver.cpp, line 773]
Event: 0.758 Thread 0x000001e310bb18d0 Exception <a 'sun/nio/fs/WindowsException'{0x0000000710dc8460}> (0x0000000710dc8460) 
thrown [s\src\hotspot\share\prims\jni.cpp, line 520]
Event: 0.785 Thread 0x000001e310bb18d0 Exception <a 'java/lang/NoSuchMethodError'{0x0000000710ded220}: 'java.lang.Object java.lang.invoke.DirectMethodHandle$Holder.invokeVirtual(java.lang.Object, java.lang.Object, java.lang.Object, java.lang.Object)'> (0x0000000710ded220) 
thrown [s\src\hotspot\share\interpreter\linkResolver.cpp, line 773]
Event: 0.790 Thread 0x000001e3307a1590 Exception <a 'java/lang/NoSuchMethodError'{0x0000000710a2af60}: 'java.lang.Object java.lang.invoke.DirectMethodHandle$Holder.newInvokeSpecial(java.lang.Object, java.lang.Object, java.lang.Object, int, int, int, int, int)'> (0x0000000710a2af60) 
thrown [s\src\hotspot\share\interpreter\linkResolver.cpp, line 773]
Event: 0.809 Thread 0x000001e32f3fd710 Exception <a 'java/lang/NoSuchMethodError'{0x0000000710b8e628}: 'void java.lang.invoke.DirectMethodHandle$Holder.invokeVirtual(java.lang.Object, java.lang.Object)'> (0x0000000710b8e628) 
thrown [s\src\hotspot\share\interpreter\linkResolver.cpp, line 773]
Event: 0.818 Thread 0x000001e310bb18d0 Exception <a 'java/lang/NoSuchMethodError'{0x0000000710b57b20}: 'void java.lang.invoke.DirectMethodHandle$Holder.invokeStaticInit(java.lang.Object)'> (0x0000000710b57b20) 
thrown [s\src\hotspot\share\interpreter\linkResolver.cpp, line 773]
Event: 0.924 Thread 0x000001e310bb18d0 Exception <a 'java/lang/NoSuchMethodError'{0x0000000712f50250}: 'int java.lang.invoke.DirectMethodHandle$Holder.invokeVirtual(java.lang.Object, java.lang.Object, java.lang.Object)'> (0x0000000712f50250) 
thrown [s\src\hotspot\share\interpreter\linkResolver.cpp, line 773]
Event: 0.939 Thread 0x000001e310bb18d0 Exception <a 'java/lang/NoSuchMethodError'{0x00000007136994e8}: 'void java.lang.invoke.DirectMethodHandle$Holder.invokeStatic(java.lang.Object, java.lang.Object, java.lang.Object)'> (0x00000007136994e8) 
thrown [s\src\hotspot\share\interpreter\linkResolver.cpp, line 773]
Event: 1.145 Thread 0x000001e310bb18d0 Exception <a 'java/lang/NoSuchMethodError'{0x0000000704c8d638}: 'double java.lang.invoke.DirectMethodHandle$Holder.invokeStaticInit(java.lang.Object, double, double, double)'> (0x0000000704c8d638) 
thrown [s\src\hotspot\share\interpreter\linkResolver.cpp, line 773]
Event: 1.805 Thread 0x000001e32fbc82d0 Exception <a 'java/lang/NoSuchMethodError'{0x00000007051c1cb0}: 'int java.lang.invoke.DirectMethodHandle$Holder.invokeSpecial(java.lang.Object, java.lang.Object, java.lang.Object)'> (0x00000007051c1cb0) 
thrown [s\src\hotspot\share\interpreter\linkResolver.cpp, line 773]
Event: 1.817 Thread 0x000001e32fbc82d0 Exception <a 'java/lang/ClassNotFoundException'{0x0000000704e088b0}: jdk/net/ExtendedSocketOptions> (0x0000000704e088b0) 
thrown [s\src\hotspot\share\classfile\systemDictionary.cpp, line 312]
Event: 1.920 Thread 0x000001e32fbc82d0 Implicit null exception at 0x000001e31bc3b5b2 to 0x000001e31bc3b6dc
Event: 1.948 Thread 0x000001e32fbc82d0 Exception <a 'java/lang/NoSuchMethodError'{0x0000000704fb4250}: 'void java.lang.invoke.DirectMethodHandle$Holder.invokeSpecial(java.lang.Object, java.lang.Object, java.lang.Object, int, int, int, int, double)'> (0x0000000704fb4250) 
thrown [s\src\hotspot\share\interpreter\linkResolver.cpp, line 773]
Event: 664.794 Thread 0x000001e32fbc82d0 Implicit null exception at 0x000001e31bcd5a49 to 0x000001e31bcd8494
Event: 664.796 Thread 0x000001e32fbc82d0 Implicit null exception at 0x000001e31bcc8703 to 0x000001e31bcc89dc
Event: 666.135 Thread 0x000001e32fbc82d0 Exception <a 'java/lang/NoSuchMethodError'{0x0000000705935f98}: 'int java.lang.invoke.DirectMethodHandle$Holder.invokeStaticInit(java.lang.Object, java.lang.Object, java.lang.Object)'> (0x0000000705935f98) 
thrown [s\src\hotspot\share\interpreter\linkResolver.cpp, line 773]
Event: 16726.218 Thread 0x000001e32fbc82d0 Implicit null exception at 0x000001e31bc0a3f3 to 0x000001e31bc0a4e0

ZGC Phase Switch (0 events):
No events

VM Operations (20 events):
Event: 16725.700 Executing VM operation: RendezvousGCThreads
Event: 16725.700 Executing VM operation: RendezvousGCThreads done
Event: 16726.068 Executing VM operation: G1TryInitiateConcMark (G1 Humongous Allocation)
Event: 16726.069 Executing VM operation: G1TryInitiateConcMark (G1 Humongous Allocation) done
Event: 16726.080 Executing VM operation: G1PauseRemark
Event: 16726.085 Executing VM operation: G1PauseRemark done
Event: 16726.088 Executing VM operation: G1PauseCleanup
Event: 16726.105 Executing VM operation: G1PauseCleanup done
Event: 16727.106 Executing VM operation: Cleanup
Event: 16727.106 Executing VM operation: Cleanup done
Event: 16728.114 Executing VM operation: Cleanup
Event: 16728.114 Executing VM operation: Cleanup done
Event: 16740.218 Executing VM operation: Cleanup
Event: 16740.218 Executing VM operation: Cleanup done
Event: 21889.306 Executing VM operation: Cleanup
Event: 21889.306 Executing VM operation: Cleanup done
Event: 44573.561 Executing VM operation: HandshakeAllThreads (HandshakeForDeflation)
Event: 44573.561 Executing VM operation: HandshakeAllThreads (HandshakeForDeflation) done
Event: 44573.561 Executing VM operation: RendezvousGCThreads
Event: 44573.561 Executing VM operation: RendezvousGCThreads done

Memory protections (0 events):
No events

Nmethod flushes (20 events):
Event: 16726.084 Thread 0x000001e32acbb820 flushing  nmethod 0x000001e31bc74f10
Event: 16726.084 Thread 0x000001e32acbb820 flushing  nmethod 0x000001e31bc75210
Event: 16726.084 Thread 0x000001e32acbb820 flushing  nmethod 0x000001e31bdfb710
Event: 16726.084 Thread 0x000001e32acbb820 flushing  nmethod 0x000001e31be02390
Event: 16726.084 Thread 0x000001e32acbb820 flushing  nmethod 0x000001e31be05910
Event: 16726.084 Thread 0x000001e32acbb820 flushing  nmethod 0x000001e314159110
Event: 16726.084 Thread 0x000001e32acbb820 flushing  nmethod 0x000001e3146c1110
Event: 16726.084 Thread 0x000001e32acbb820 flushing  nmethod 0x000001e31bb3dd90
Event: 16726.084 Thread 0x000001e32acbb820 flushing  nmethod 0x000001e31bd05110
Event: 16726.084 Thread 0x000001e32acbb820 flushing  nmethod 0x000001e31be47e10
Event: 16726.084 Thread 0x000001e32acbb820 flushing  nmethod 0x000001e31be35a10
Event: 16726.084 Thread 0x000001e32acbb820 flushing  nmethod 0x000001e31be38f10
Event: 16726.084 Thread 0x000001e32acbb820 flushing  nmethod 0x000001e31421f590
Event: 16726.084 Thread 0x000001e32acbb820 flushing  nmethod 0x000001e31bde7810
Event: 16726.084 Thread 0x000001e32acbb820 flushing  nmethod 0x000001e3144b4a90
Event: 16726.084 Thread 0x000001e32acbb820 flushing  nmethod 0x000001e31457a010
Event: 16726.084 Thread 0x000001e32acbb820 flushing  nmethod 0x000001e3147b8710
Event: 16726.084 Thread 0x000001e32acbb820 flushing  nmethod 0x000001e31464fd10
Event: 16726.084 Thread 0x000001e32acbb820 flushing  nmethod 0x000001e314650990
Event: 16726.084 Thread 0x000001e32acbb820 flushing  nmethod 0x000001e3148b6910

Events (20 events):
Event: 1.789 Thread 0x000001e32fbc82d0 Thread added: 0x000001e330b170a0
Event: 2.733 Thread 0x000001e32f69bca0 Thread exited: 0x000001e32f69bca0
Event: 2.733 Thread 0x000001e32f28f720 Thread exited: 0x000001e32f28f720
Event: 3.342 Thread 0x000001e32f0c7510 Thread added: 0x000001e3313b7430
Event: 3.381 Thread 0x000001e32f0c7510 Thread added: 0x000001e330dd66f0
Event: 4.071 Thread 0x000001e330dd66f0 Thread exited: 0x000001e330dd66f0
Event: 4.087 Thread 0x000001e3313b7430 Thread exited: 0x000001e3313b7430
Event: 4.563 Thread 0x000001e32f0c1c30 Thread added: 0x000001e3313b7430
Event: 5.923 Thread 0x000001e3313b7430 Thread exited: 0x000001e3313b7430
Event: 6.271 Thread 0x000001e3307a1590 Thread exited: 0x000001e3307a1590
Event: 15.000 Thread 0x000001e32f0c7510 Thread added: 0x000001e330582720
Event: 15.585 Thread 0x000001e330582720 Thread exited: 0x000001e330582720
Event: 669.353 Thread 0x000001e32f0c7510 Thread added: 0x000001e330c6a520
Event: 669.627 Thread 0x000001e330c6a520 Thread exited: 0x000001e330c6a520
Event: 3907.206 Thread 0x000001e32f0c7510 Thread added: 0x000001e33261f610
Event: 3907.604 Thread 0x000001e33261f610 Thread exited: 0x000001e33261f610
Event: 3908.364 Thread 0x000001e32f0c1c30 Thread added: 0x000001e3306266a0
Event: 3908.364 Thread 0x000001e32f0c1c30 Thread added: 0x000001e32fa0bd40
Event: 16726.003 Thread 0x000001e32fa0bd40 Thread exited: 0x000001e32fa0bd40
Event: 16727.033 Thread 0x000001e3306266a0 Thread exited: 0x000001e3306266a0


Dynamic libraries:
0x00007ff6bef30000 - 0x00007ff6beff5000 	C:\Program Files\logisim-evolution\logisim-evolution.exe
0x00007ffaac320000 - 0x00007ffaac587000 	C:\WINDOWS\SYSTEM32\ntdll.dll
0x00007ffaaaec0000 - 0x00007ffaaaf89000 	C:\WINDOWS\System32\KERNEL32.DLL
0x00007ffaa8de0000 - 0x00007ffaa91d7000 	C:\WINDOWS\System32\KERNELBASE.dll
0x00007ffaab310000 - 0x00007ffaab4d6000 	C:\WINDOWS\System32\USER32.dll
0x00007ffaa9ce0000 - 0x00007ffaa9d07000 	C:\WINDOWS\System32\win32u.dll
0x00007ffaab640000 - 0x00007ffaab66b000 	C:\WINDOWS\System32\GDI32.dll
0x00007ffaa91e0000 - 0x00007ffaa930c000 	C:\WINDOWS\System32\gdi32full.dll
0x00007ffaa93c0000 - 0x00007ffaa9463000 	C:\WINDOWS\System32\msvcp_win.dll
0x00007ffaa9f50000 - 0x00007ffaaa09b000 	C:\WINDOWS\System32\ucrtbase.dll
0x00007ffaaba80000 - 0x00007ffaac1ee000 	C:\WINDOWS\System32\SHELL32.dll
0x00007ffaab8d0000 - 0x00007ffaab902000 	C:\WINDOWS\System32\IMM32.DLL
0x00007ffaaaa30000 - 0x00007ffaaab26000 	C:\WINDOWS\System32\shcore.dll
0x00007ffaa38a0000 - 0x00007ffaa38b8000 	C:\Program Files\logisim-evolution\runtime\bin\jli.dll
0x00007ffa8d5d0000 - 0x00007ffa8d862000 	C:\WINDOWS\WinSxS\amd64_microsoft.windows.common-controls_6595b64144ccf1df_6.0.26100.8457_none_3e0b2faee331e92d\COMCTL32.dll
0x00007ffaab770000 - 0x00007ffaab819000 	C:\WINDOWS\System32\msvcrt.dll
0x00007ffa96620000 - 0x00007ffa9663d000 	C:\Program Files\logisim-evolution\runtime\bin\VCRUNTIME140.dll
0x00007ffaa38e0000 - 0x00007ffaa38ec000 	C:\Program Files\logisim-evolution\runtime\bin\vcruntime140_1.dll
0x00007ffa4ee40000 - 0x00007ffa4eecd000 	C:\Program Files\logisim-evolution\runtime\bin\msvcp140.dll
0x00007ff9b3730000 - 0x00007ff9b44c0000 	C:\Program Files\logisim-evolution\runtime\bin\server\jvm.dll
0x00007ffaab990000 - 0x00007ffaaba46000 	C:\WINDOWS\System32\ADVAPI32.dll
0x00007ffaab820000 - 0x00007ffaab8c7000 	C:\WINDOWS\System32\sechost.dll
0x00007ffaaab30000 - 0x00007ffaaac48000 	C:\WINDOWS\System32\RPCRT4.dll
0x00007ffaaaf90000 - 0x00007ffaab010000 	C:\WINDOWS\System32\WS2_32.dll
0x00007ffaa8bb0000 - 0x00007ffaa8c0e000 	C:\WINDOWS\SYSTEM32\POWRPROF.dll
0x00007ffaa0320000 - 0x00007ffaa0356000 	C:\WINDOWS\SYSTEM32\WINMM.dll
0x00007ffaa0110000 - 0x00007ffaa011b000 	C:\WINDOWS\SYSTEM32\VERSION.dll
0x00007ffaa8b90000 - 0x00007ffaa8ba4000 	C:\WINDOWS\SYSTEM32\UMPDC.dll
0x00007ffaa7ae0000 - 0x00007ffaa7afb000 	C:\WINDOWS\SYSTEM32\kernel.appcore.dll
0x00007ffa96610000 - 0x00007ffa9661a000 	C:\Program Files\logisim-evolution\runtime\bin\jimage.dll
0x00007ffaa63c0000 - 0x00007ffaa6602000 	C:\WINDOWS\SYSTEM32\DBGHELP.DLL
0x00007ffaaa0a0000 - 0x00007ffaaa423000 	C:\WINDOWS\System32\combase.dll
0x00007ffaab230000 - 0x00007ffaab309000 	C:\WINDOWS\System32\OLEAUT32.dll
0x00007ffa90800000 - 0x00007ffa9083b000 	C:\WINDOWS\SYSTEM32\dbgcore.DLL
0x00007ffaa9310000 - 0x00007ffaa93b8000 	C:\WINDOWS\System32\bcryptPrimitives.dll
0x00007ffa965f0000 - 0x00007ffa96610000 	C:\Program Files\logisim-evolution\runtime\bin\java.dll
0x00007ffaa9470000 - 0x00007ffaa9cdc000 	C:\WINDOWS\System32\windows.storage.dll
0x00007ffaab1c0000 - 0x00007ffaab226000 	C:\WINDOWS\System32\shlwapi.dll
0x00007ffaa8c70000 - 0x00007ffaa8c99000 	C:\WINDOWS\SYSTEM32\profapi.dll
0x00007ffa951a0000 - 0x00007ffa951b0000 	C:\Program Files\logisim-evolution\runtime\bin\net.dll
0x00007ffaa01f0000 - 0x00007ffaa0319000 	C:\WINDOWS\SYSTEM32\WINHTTP.dll
0x00007ffaa8050000 - 0x00007ffaa80bc000 	C:\WINDOWS\system32\mswsock.dll
0x00007ffa911e0000 - 0x00007ffa911f6000 	C:\Program Files\logisim-evolution\runtime\bin\nio.dll
0x00007ffa90f00000 - 0x00007ffa90f18000 	C:\Program Files\logisim-evolution\runtime\bin\zip.dll
0x00007ffa339a0000 - 0x00007ffa33b2e000 	C:\Program Files\logisim-evolution\runtime\bin\awt.dll
0x00007ffaa6090000 - 0x00007ffaa6130000 	C:\WINDOWS\SYSTEM32\apphelp.dll
0x00007ffaa67b0000 - 0x00007ffaa685a000 	C:\WINDOWS\system32\uxtheme.dll
0x00007ffaab4e0000 - 0x00007ffaab63c000 	C:\WINDOWS\System32\MSCTF.dll
0x00007ffaab020000 - 0x00007ffaab1b7000 	C:\WINDOWS\System32\ole32.dll
0x00007ffaa6a80000 - 0x00007ffaa6aaf000 	C:\WINDOWS\system32\DWMAPI.DLL
0x00007ffa95190000 - 0x00007ffa95199000 	C:\Program Files\logisim-evolution\runtime\bin\prefs.dll
0x00007ffa87180000 - 0x00007ffa8728f000 	C:\WINDOWS\system32\opengl32.dll
0x00007ffa847e0000 - 0x00007ffa8480d000 	C:\WINDOWS\SYSTEM32\GLU32.dll
0x00007ffaa68c0000 - 0x00007ffaa6905000 	C:\WINDOWS\SYSTEM32\dxcore.dll
0x00007ffa34a20000 - 0x00007ffa34aa7000 	C:\Program Files\logisim-evolution\runtime\bin\freetype.dll
0x00007ffa338b0000 - 0x00007ffa33992000 	C:\Program Files\logisim-evolution\runtime\bin\fontmanager.dll
0x00007ffa93b10000 - 0x00007ffa93b1a000 	C:\Users\ToTo\AppData\Local\Temp\flatlaf.temp\flatlaf-windows-x86_64-1599484402594000.dll
0x00007ffaa5680000 - 0x00007ffaa56a9000 	C:\WINDOWS\system32\Wtsapi32.dll
0x00007ffaa9dd0000 - 0x00007ffaa9f48000 	C:\WINDOWS\System32\CRYPT32.dll
0x00007ffaa7d80000 - 0x00007ffaa7dc9000 	C:\WINDOWS\SYSTEM32\SspiCli.dll
0x00007ffaa8950000 - 0x00007ffaa89b2000 	C:\WINDOWS\SYSTEM32\WINSTA.dll
0x00007ffaaa8d0000 - 0x00007ffaaa97e000 	C:\WINDOWS\System32\clbcatq.dll
0x00007ffaa4540000 - 0x00007ffaa476d000 	C:\WINDOWS\SYSTEM32\WindowsCodecs.dll
0x00007ffa8acc0000 - 0x00007ffa8ad1a000 	C:\WINDOWS\system32\dataexchange.dll
0x00007ffa99a40000 - 0x00007ffa99c8e000 	C:\WINDOWS\system32\twinapi.appcore.dll
0x00007ffa93a20000 - 0x00007ffa93a27000 	C:\Program Files\logisim-evolution\runtime\bin\jawt.dll
0x00007ffa91520000 - 0x00007ffa91666000 	C:\WINDOWS\SYSTEM32\textinputframework.dll
0x00007ffa87490000 - 0x00007ffa87506000 	C:\WINDOWS\system32\Oleacc.dll
0x00007ffa931d0000 - 0x00007ffa9322e000 	C:\WINDOWS\system32\ApplicationTargetedFeatureDatabase.dll
0x00007ffaa3660000 - 0x00007ffaa37ca000 	C:\Windows\System32\WinTypes.dll
0x00007ffaa5af0000 - 0x00007ffaa5c17000 	C:\WINDOWS\SYSTEM32\CoreMessaging.dll
0x00007ffaa2570000 - 0x00007ffaa2852000 	C:\WINDOWS\SYSTEM32\CoreUIComponents.dll
0x00007ffaa8350000 - 0x00007ffaa835c000 	C:\WINDOWS\SYSTEM32\CRYPTBASE.DLL
0x00007ffa97a40000 - 0x00007ffa97abf000 	C:\WINDOWS\system32\Ninput.dll

dbghelp: loaded successfully - version: 4.0.5 - missing functions: none
symbol engine: initialized successfully - sym options: 0x614 - pdb path: .;C:\Program Files\logisim-evolution;C:\WINDOWS\SYSTEM32;C:\Program Files\logisim-evolution\runtime\bin;C:\WINDOWS\WinSxS\amd64_microsoft.windows.common-controls_6595b64144ccf1df_6.0.26100.8457_none_3e0b2faee331e92d;C:\Program Files\logisim-evolution\runtime\bin\server;C:\Users\ToTo\AppData\Local\Temp\flatlaf.temp

VM Arguments:
jvm_args: -Djpackage.app-version=4.1.0 -Djpackage.app-path=C:\Program Files\logisim-evolution\logisim-evolution.exe 
java_command: com.cburch.logisim.Main C:\Users\ToTo\Desktop\ArquitecturaSistemasOBL1\mainAlDia.circ
java_class_path (initial): C:\Program Files\logisim-evolution\app\logisim-evolution-4.1.0-all.jar
Launcher Type: SUN_STANDARD

[Global flags]
     intx CICompilerCount                          = 4                                         {product} {ergonomic}
     uint ConcGCThreads                            = 2                                         {product} {ergonomic}
     uint G1ConcRefinementThreads                  = 8                                         {product} {ergonomic}
   size_t G1HeapRegionSize                         = 2097152                                   {product} {ergonomic}
    uintx GCDrainStackTargetSize                   = 64                                        {product} {ergonomic}
   size_t InitialHeapSize                          = 266338304                                 {product} {ergonomic}
   size_t MarkStackSize                            = 4194304                                   {product} {ergonomic}
   size_t MaxHeapSize                              = 4234149888                                {product} {ergonomic}
   size_t MaxNewSize                               = 2539651072                                {product} {ergonomic}
   size_t MinHeapDeltaBytes                        = 2097152                                   {product} {ergonomic}
   size_t MinHeapSize                              = 8388608                                   {product} {ergonomic}
    uintx NonNMethodCodeHeapSize                   = 5839372                                {pd product} {ergonomic}
    uintx NonProfiledCodeHeapSize                  = 122909434                              {pd product} {ergonomic}
     bool PerfDisableSharedMem                     = true                                      {product} {ergonomic}
    uintx ProfiledCodeHeapSize                     = 122909434                              {pd product} {ergonomic}
    uintx ReservedCodeCacheSize                    = 251658240                              {pd product} {ergonomic}
     bool SegmentedCodeCache                       = true                                      {product} {ergonomic}
   size_t SoftMaxHeapSize                          = 4234149888                             {manageable} {ergonomic}
     bool UseCompressedOops                        = true                           {product lp64_product} {ergonomic}
     bool UseG1GC                                  = true                                      {product} {ergonomic}
     bool UseLargePagesIndividualAllocation        = false                                  {pd product} {ergonomic}

Logging:
Log output configuration:
 #0: stdout all=warning uptime,level,tags foldmultilines=false
 #1: stderr all=off uptime,level,tags foldmultilines=false

Environment Variables:
PATH=C:\Program Files\Common Files\Oracle\Java\javapath;C:\Program Files (x86)\Common Files\Oracle\Java\java8path;C:\Program Files (x86)\Common Files\Oracle\Java\javapath;C:\WINDOWS\system32;C:\WINDOWS;C:\WINDOWS\System32\Wbem;C:\WINDOWS\System32\WindowsPowerShell\v1.0\;C:\WINDOWS\System32\OpenSSH\;C:\Program Files\Git\cmd;C:\Program Files (x86)\Windows Kits\10\Windows Performance Toolkit\;C:\Program Files\Docker\Docker\resources\bin;C:\Users\ToTo\AppData\Local\Programs\Eclipse Adoptium\jdk-21.0.11.10-hotspot\bin;C:\Users\ToTo\AppData\Local\Microsoft\WindowsApps;C:\Users\ToTo\AppData\Local\Programs\Microsoft VS Code\bin;C:\Users\ToTo\AppData\Local\Python\bin;C:\Program Files\logisim-evolution\app
USERNAME=ToTo
OS=Windows_NT
PROCESSOR_IDENTIFIER=Intel64 Family 6 Model 140 Stepping 2, GenuineIntel
TMP=C:\Users\ToTo\AppData\Local\Temp
TEMP=C:\Users\ToTo\AppData\Local\Temp




Periodic native trim disabled

---------------  S Y S T E M  ---------------

OS:
 Windows 11 , 64 bit Build 26100 (10.0.26100.8328)
OS uptime: 2 days 8:48 hours
Hyper-V role detected

CPU: total 8 (initial active 8) (4 cores per cpu, 2 threads per core) family 6 model 140 stepping 2 microcode 0x22, cx8, cmov, fxsr, ht, mmx, 3dnowpref, sse, sse2, sse3, ssse3, sse4.1, sse4.2, popcnt, lzcnt, tsc, tscinvbit, avx, avx2, aes, erms, clmul, bmi1, bmi2, adx, avx512f, avx512dq, avx512cd, avx512bw, avx512vl, sha, fma, vzeroupper, avx512_vpopcntdq, avx512_vpclmulqdq, avx512_vaes, avx512_vnni, clflush, clflushopt, clwb, avx512_vbmi2, avx512_vbmi, hv, rdtscp, rdpid, fsrm, gfni, avx512_bitalg, f16c, cet_ibt, cet_ss, avx512_ifma
Processor Information for the first 8 processors :
  Max Mhz: 2918, Current Mhz: 2918, Mhz Limit: 2918

Memory: 4k page, system-wide physical 16151M (5957M free)
TotalPageFile size 17303M (AvailPageFile size 4364M)
current process WorkingSet (physical memory assigned to process): 48M, peak: 177M
current process commit charge ("private bytes"): 198M, peak: 365M

vm_info: OpenJDK 64-Bit Server VM (21.0.4+7-LTS) for windows-amd64 JRE (21.0.4+7-LTS), built on 2024-07-16T17:40:50Z by "MicrosoftCorporation" with unknown MS VC++:1939

END.
